{"synthetic": false,
 "schemaVersion": "2025-09-10",
 "outputs": null,
 "log":
 [{"message":
   ".> ELAN=elan ELAN_HOME=/home/tamura/.elan ELAN_TOOLCHAIN=leanprover/lean4:v4.27.0 LAKE=/home/tamura/.elan/toolchains/leanprover--lean4---v4.27.0/bin/lake LAKE_HOME=/home/tamura/.elan/toolchains/leanprover--lean4---v4.27.0 LAKE_PKG_URL_MAP={} LAKE_NO_CACHE=false LAKE_ARTIFACT_CACHE=false LAKE_CACHE_KEY= LAKE_CACHE_ARTIFACT_ENDPOINT= LAKE_CACHE_REVISION_ENDPOINT= LEAN=/home/tamura/.elan/toolchains/leanprover--lean4---v4.27.0/bin/lean LEAN_SYSROOT=/home/tamura/.elan/toolchains/leanprover--lean4---v4.27.0 LEAN_AR=/home/tamura/.elan/toolchains/leanprover--lean4---v4.27.0/bin/llvm-ar LEAN_CC= LAKE_CACHE_DIR=/home/tamura/.elan/toolchains/leanprover--lean4---v4.27.0/lake/cache LEAN_PATH=/home/tamura/lean/lean_study/.lake/packages/batteries/.lake/build/lib/lean:/home/tamura/lean/lean_study/.lake/packages/Qq/.lake/build/lib/lean:/home/tamura/lean/lean_study/.lake/packages/aesop/.lake/build/lib/lean:/home/tamura/lean/lean_study/.lake/packages/proofwidgets/.lake/build/lib/lean:/home/tamura/lean/lean_study/.lake/packages/importGraph/.lake/build/lib/lean:/home/tamura/lean/lean_study/.lake/packages/LeanSearchClient/.lake/build/lib/lean:/home/tamura/lean/lean_study/.lake/packages/plausible/.lake/build/lib/lean:/home/tamura/lean/lean_study/.lake/packages/mathlib/.lake/build/lib/lean:/home/tamura/lean/lean_study/.lake/packages/MD4Lean/.lake/build/lib/lean:/home/tamura/lean/lean_study/.lake/packages/BibtexQuery/.lake/build/lib/lean:/home/tamura/lean/lean_study/.lake/packages/UnicodeBasic/.lake/build/lib/lean:/home/tamura/lean/lean_study/.lake/packages/Cli/.lake/build/lib/lean:/home/tamura/lean/lean_study/.lake/build/lib/lean:/home/tamura/lean/lean_study/.lake/packages/doc-gen4/.lake/build/lib/lean:/home/tamura/lean/lean_study/docbuild/.lake/build/lib/lean:/home/tamura/.elan/toolchains/leanprover--lean4---v4.27.0/lib/lean LEAN_SRC_PATH=/home/tamura/lean/lean_study/.lake/packages/batteries:/home/tamura/lean/lean_study/.lake/packages/batteries:/home/tamura/lean/lean_study/.lake/packages/Qq:/home/tamura/lean/lean_study/.lake/packages/Qq:/home/tamura/lean/lean_study/.lake/packages/aesop:/home/tamura/lean/lean_study/.lake/packages/aesop:/home/tamura/lean/lean_study/.lake/packages/proofwidgets:/home/tamura/lean/lean_study/.lake/packages/proofwidgets:/home/tamura/lean/lean_study/.lake/packages/proofwidgets:/home/tamura/lean/lean_study/.lake/packages/importGraph:/home/tamura/lean/lean_study/.lake/packages/importGraph:/home/tamura/lean/lean_study/.lake/packages/LeanSearchClient:/home/tamura/lean/lean_study/.lake/packages/LeanSearchClient:/home/tamura/lean/lean_study/.lake/packages/plausible:/home/tamura/lean/lean_study/.lake/packages/plausible:/home/tamura/lean/lean_study/.lake/packages/mathlib:/home/tamura/lean/lean_study/.lake/packages/mathlib:/home/tamura/lean/lean_study/.lake/packages/mathlib:/home/tamura/lean/lean_study/.lake/packages/mathlib:/home/tamura/lean/lean_study/.lake/packages/mathlib:/home/tamura/lean/lean_study/.lake/packages/mathlib:/home/tamura/lean/lean_study/.lake/packages/mathlib:/home/tamura/lean/lean_study/.lake/packages/MD4Lean:/home/tamura/lean/lean_study/.lake/packages/MD4Lean:/home/tamura/lean/lean_study/.lake/packages/BibtexQuery:/home/tamura/lean/lean_study/.lake/packages/UnicodeBasic:/home/tamura/lean/lean_study/.lake/packages/UnicodeBasic:/home/tamura/lean/lean_study/.lake/packages/Cli:/home/tamura/lean/lean_study/.lake/packages/Cli:/home/tamura/lean/lean_study:/home/tamura/lean/lean_study/.lake/packages/doc-gen4:/home/tamura/.elan/toolchains/leanprover--lean4---v4.27.0/src/lean/lake LEAN_GITHASH=db93fe1608548721853390a10cd40580fe7d22ae PATH LD_LIBRARY_PATH=/home/tamura/.elan/toolchains/leanprover--lean4---v4.27.0/lib/lean:/home/tamura/.elan/toolchains/leanprover--lean4---v4.27.0/lib:/home/tamura/lean/lean_study/docbuild/.lake/build/lib:/home/tamura/lean/lean_study/.lake/packages/doc-gen4/.lake/build/lib:/home/tamura/lean/lean_study/.lake/build/lib:/home/tamura/lean/lean_study/.lake/packages/Cli/.lake/build/lib:/home/tamura/lean/lean_study/.lake/packages/UnicodeBasic/.lake/build/lib:/home/tamura/lean/lean_study/.lake/packages/BibtexQuery/.lake/build/lib:/home/tamura/lean/lean_study/.lake/packages/MD4Lean/.lake/build/lib:/home/tamura/lean/lean_study/.lake/packages/mathlib/.lake/build/lib:/home/tamura/lean/lean_study/.lake/packages/plausible/.lake/build/lib:/home/tamura/lean/lean_study/.lake/packages/LeanSearchClient/.lake/build/lib:/home/tamura/lean/lean_study/.lake/packages/importGraph/.lake/build/lib:/home/tamura/lean/lean_study/.lake/packages/proofwidgets/.lake/build/lib:/home/tamura/lean/lean_study/.lake/packages/aesop/.lake/build/lib:/home/tamura/lean/lean_study/.lake/packages/Qq/.lake/build/lib:/home/tamura/lean/lean_study/.lake/packages/batteries/.lake/build/lib /home/tamura/lean/lean_study/.lake/packages/doc-gen4/.lake/build/bin/doc-gen4 single --build /home/tamura/lean/lean_study/docbuild/.lake/build Mathlib.Order.Atoms https://github.com/leanprover-community/mathlib4/blob/a3a10db0e9d66acbebf76c5e6a135066525ac900/Mathlib/Order/Atoms.lean",
   "level": "trace"}],
 "inputs":
 [["<collection>",
   [["/home/tamura/lean/lean_study/docbuild/.lake/build/doc/Mathlib/Data/Set/Lattice.html",
     "0fbbf887d2736c33"],
    ["/home/tamura/lean/lean_study/docbuild/.lake/build/doc/Mathlib/Data/SetLike/Basic.html",
     "ef1b680ab1469541"],
    ["/home/tamura/lean/lean_study/docbuild/.lake/build/doc/Mathlib/Order/ModularLattice.html",
     "0bb1432ce3a86775"],
    ["/home/tamura/lean/lean_study/docbuild/.lake/build/doc/Mathlib/Order/SuccPred/Basic.html",
     "ca6e4de5187fac13"],
    ["/home/tamura/lean/lean_study/docbuild/.lake/build/doc/Mathlib/Order/WellFounded.html",
     "99b42cef10705c94"],
    ["/home/tamura/lean/lean_study/docbuild/.lake/build/doc/Mathlib/Tactic/Nontriviality.html",
     "bb412a7f9ba17c75"],
    ["/home/tamura/lean/lean_study/docbuild/.lake/build/doc/Mathlib/Order/ConditionallyCompleteLattice/Indexed.html",
     "49097b340fb45ab9"],
    ["/home/tamura/lean/lean_study/docbuild/.lake/build/doc/Mathlib/Tactic/Attr/Core.html",
     "158a8ff94963acd0"]]],
  ["/home/tamura/lean/lean_study/docbuild/.lake/build/doc-data/references.json",
   "a50f2257f35adb49"],
  ["/home/tamura/lean/lean_study/.lake/packages/doc-gen4/.lake/build/bin/doc-gen4",
   "cbb66405452e4e73"],
  ["Mathlib.Order.Atoms:leanArts", "5a94c5a219f28abb"]],
 "depHash": "ff1cb1868ec6b050"}