{"synthetic": false,
 "schemaVersion": "2025-09-10",
 "outputs": null,
 "log":
 [{"message":
   ".> ELAN=elan ELAN_HOME=/home/tamura/.elan ELAN_TOOLCHAIN=leanprover/lean4:v4.27.0 LAKE=/home/tamura/.elan/toolchains/leanprover--lean4---v4.27.0/bin/lake LAKE_HOME=/home/tamura/.elan/toolchains/leanprover--lean4---v4.27.0 LAKE_PKG_URL_MAP={} LAKE_NO_CACHE=false LAKE_ARTIFACT_CACHE=false LAKE_CACHE_KEY= LAKE_CACHE_ARTIFACT_ENDPOINT= LAKE_CACHE_REVISION_ENDPOINT= LEAN=/home/tamura/.elan/toolchains/leanprover--lean4---v4.27.0/bin/lean LEAN_SYSROOT=/home/tamura/.elan/toolchains/leanprover--lean4---v4.27.0 LEAN_AR=/home/tamura/.elan/toolchains/leanprover--lean4---v4.27.0/bin/llvm-ar LEAN_CC= LAKE_CACHE_DIR=/home/tamura/.elan/toolchains/leanprover--lean4---v4.27.0/lake/cache LEAN_PATH=/home/tamura/lean/lean_study/.lake/packages/batteries/.lake/build/lib/lean:/home/tamura/lean/lean_study/.lake/packages/Qq/.lake/build/lib/lean:/home/tamura/lean/lean_study/.lake/packages/aesop/.lake/build/lib/lean:/home/tamura/lean/lean_study/.lake/packages/proofwidgets/.lake/build/lib/lean:/home/tamura/lean/lean_study/.lake/packages/importGraph/.lake/build/lib/lean:/home/tamura/lean/lean_study/.lake/packages/LeanSearchClient/.lake/build/lib/lean:/home/tamura/lean/lean_study/.lake/packages/plausible/.lake/build/lib/lean:/home/tamura/lean/lean_study/.lake/packages/mathlib/.lake/build/lib/lean:/home/tamura/lean/lean_study/.lake/packages/MD4Lean/.lake/build/lib/lean:/home/tamura/lean/lean_study/.lake/packages/BibtexQuery/.lake/build/lib/lean:/home/tamura/lean/lean_study/.lake/packages/UnicodeBasic/.lake/build/lib/lean:/home/tamura/lean/lean_study/.lake/packages/Cli/.lake/build/lib/lean:/home/tamura/lean/lean_study/.lake/build/lib/lean:/home/tamura/lean/lean_study/.lake/packages/doc-gen4/.lake/build/lib/lean:/home/tamura/lean/lean_study/docbuild/.lake/build/lib/lean:/home/tamura/.elan/toolchains/leanprover--lean4---v4.27.0/lib/lean LEAN_SRC_PATH=/home/tamura/lean/lean_study/.lake/packages/batteries:/home/tamura/lean/lean_study/.lake/packages/batteries:/home/tamura/lean/lean_study/.lake/packages/Qq:/home/tamura/lean/lean_study/.lake/packages/Qq:/home/tamura/lean/lean_study/.lake/packages/aesop:/home/tamura/lean/lean_study/.lake/packages/aesop:/home/tamura/lean/lean_study/.lake/packages/proofwidgets:/home/tamura/lean/lean_study/.lake/packages/proofwidgets:/home/tamura/lean/lean_study/.lake/packages/proofwidgets:/home/tamura/lean/lean_study/.lake/packages/importGraph:/home/tamura/lean/lean_study/.lake/packages/importGraph:/home/tamura/lean/lean_study/.lake/packages/LeanSearchClient:/home/tamura/lean/lean_study/.lake/packages/LeanSearchClient:/home/tamura/lean/lean_study/.lake/packages/plausible:/home/tamura/lean/lean_study/.lake/packages/plausible:/home/tamura/lean/lean_study/.lake/packages/mathlib:/home/tamura/lean/lean_study/.lake/packages/mathlib:/home/tamura/lean/lean_study/.lake/packages/mathlib:/home/tamura/lean/lean_study/.lake/packages/mathlib:/home/tamura/lean/lean_study/.lake/packages/mathlib:/home/tamura/lean/lean_study/.lake/packages/mathlib:/home/tamura/lean/lean_study/.lake/packages/mathlib:/home/tamura/lean/lean_study/.lake/packages/MD4Lean:/home/tamura/lean/lean_study/.lake/packages/MD4Lean:/home/tamura/lean/lean_study/.lake/packages/BibtexQuery:/home/tamura/lean/lean_study/.lake/packages/UnicodeBasic:/home/tamura/lean/lean_study/.lake/packages/UnicodeBasic:/home/tamura/lean/lean_study/.lake/packages/Cli:/home/tamura/lean/lean_study/.lake/packages/Cli:/home/tamura/lean/lean_study:/home/tamura/lean/lean_study/.lake/packages/doc-gen4:/home/tamura/.elan/toolchains/leanprover--lean4---v4.27.0/src/lean/lake LEAN_GITHASH=db93fe1608548721853390a10cd40580fe7d22ae PATH LD_LIBRARY_PATH=/home/tamura/.elan/toolchains/leanprover--lean4---v4.27.0/lib/lean:/home/tamura/.elan/toolchains/leanprover--lean4---v4.27.0/lib:/home/tamura/lean/lean_study/docbuild/.lake/build/lib:/home/tamura/lean/lean_study/.lake/packages/doc-gen4/.lake/build/lib:/home/tamura/lean/lean_study/.lake/build/lib:/home/tamura/lean/lean_study/.lake/packages/Cli/.lake/build/lib:/home/tamura/lean/lean_study/.lake/packages/UnicodeBasic/.lake/build/lib:/home/tamura/lean/lean_study/.lake/packages/BibtexQuery/.lake/build/lib:/home/tamura/lean/lean_study/.lake/packages/MD4Lean/.lake/build/lib:/home/tamura/lean/lean_study/.lake/packages/mathlib/.lake/build/lib:/home/tamura/lean/lean_study/.lake/packages/plausible/.lake/build/lib:/home/tamura/lean/lean_study/.lake/packages/LeanSearchClient/.lake/build/lib:/home/tamura/lean/lean_study/.lake/packages/importGraph/.lake/build/lib:/home/tamura/lean/lean_study/.lake/packages/proofwidgets/.lake/build/lib:/home/tamura/lean/lean_study/.lake/packages/aesop/.lake/build/lib:/home/tamura/lean/lean_study/.lake/packages/Qq/.lake/build/lib:/home/tamura/lean/lean_study/.lake/packages/batteries/.lake/build/lib /home/tamura/lean/lean_study/.lake/packages/doc-gen4/.lake/build/bin/doc-gen4 single --build /home/tamura/lean/lean_study/docbuild/.lake/build Mathlib.Algebra.Order.GroupWithZero.Canonical https://github.com/leanprover-community/mathlib4/blob/a3a10db0e9d66acbebf76c5e6a135066525ac900/Mathlib/Algebra/Order/GroupWithZero/Canonical.lean",
   "level": "trace"}],
 "inputs":
 [["<collection>",
   [["/home/tamura/lean/lean_study/docbuild/.lake/build/doc/Mathlib/Algebra/Group/WithOne/Map.html",
     "7040493a737e486e"],
    ["/home/tamura/lean/lean_study/docbuild/.lake/build/doc/Mathlib/Algebra/GroupWithZero/InjSurj.html",
     "c933ce6ce1374e93"],
    ["/home/tamura/lean/lean_study/docbuild/.lake/build/doc/Mathlib/Algebra/GroupWithZero/Regular.html",
     "6c99d4363003a107"],
    ["/home/tamura/lean/lean_study/docbuild/.lake/build/doc/Mathlib/Algebra/GroupWithZero/WithZero.html",
     "fdcda4c788c62c30"],
    ["/home/tamura/lean/lean_study/docbuild/.lake/build/doc/Mathlib/Algebra/Order/AddGroupWithTop.html",
     "bb5582bcef26f3ac"],
    ["/home/tamura/lean/lean_study/docbuild/.lake/build/doc/Mathlib/Algebra/Order/Group/Defs.html",
     "d7cdd4032193de05"],
    ["/home/tamura/lean/lean_study/docbuild/.lake/build/doc/Mathlib/Algebra/Order/Group/Int.html",
     "51560ba3debb0253"],
    ["/home/tamura/lean/lean_study/docbuild/.lake/build/doc/Mathlib/Algebra/Order/Group/Units.html",
     "b2b54d15d3ece1b2"],
    ["/home/tamura/lean/lean_study/docbuild/.lake/build/doc/Mathlib/Algebra/Order/GroupWithZero/Unbundled/Basic.html",
     "600cd1d6e7182061"],
    ["/home/tamura/lean/lean_study/docbuild/.lake/build/doc/Mathlib/Algebra/Order/Monoid/OrderDual.html",
     "40654299ea40e865"],
    ["/home/tamura/lean/lean_study/docbuild/.lake/build/doc/Mathlib/Algebra/Order/Monoid/TypeTags.html",
     "6b3c7ed6a223a97c"],
    ["/home/tamura/lean/lean_study/docbuild/.lake/build/doc/Mathlib/Data/Set/Function.html",
     "bb3556905578fa55"]]],
  ["/home/tamura/lean/lean_study/docbuild/.lake/build/doc-data/references.json",
   "a50f2257f35adb49"],
  ["/home/tamura/lean/lean_study/.lake/packages/doc-gen4/.lake/build/bin/doc-gen4",
   "cbb66405452e4e73"],
  ["Mathlib.Algebra.Order.GroupWithZero.Canonical:leanArts",
   "94e2018cc4fe13c1"]],
 "depHash": "4128dc9d530ce3e7"}