{"synthetic": false,
 "schemaVersion": "2025-09-10",
 "outputs": null,
 "log":
 [{"message":
   ".> ELAN=elan ELAN_HOME=/home/tamura/.elan ELAN_TOOLCHAIN=leanprover/lean4:v4.27.0 LAKE=/home/tamura/.elan/toolchains/leanprover--lean4---v4.27.0/bin/lake LAKE_HOME=/home/tamura/.elan/toolchains/leanprover--lean4---v4.27.0 LAKE_PKG_URL_MAP={} LAKE_NO_CACHE=false LAKE_ARTIFACT_CACHE=false LAKE_CACHE_KEY= LAKE_CACHE_ARTIFACT_ENDPOINT= LAKE_CACHE_REVISION_ENDPOINT= LEAN=/home/tamura/.elan/toolchains/leanprover--lean4---v4.27.0/bin/lean LEAN_SYSROOT=/home/tamura/.elan/toolchains/leanprover--lean4---v4.27.0 LEAN_AR=/home/tamura/.elan/toolchains/leanprover--lean4---v4.27.0/bin/llvm-ar LEAN_CC= LAKE_CACHE_DIR=/home/tamura/.elan/toolchains/leanprover--lean4---v4.27.0/lake/cache LEAN_PATH=/home/tamura/lean/lean_study/.lake/packages/batteries/.lake/build/lib/lean:/home/tamura/lean/lean_study/.lake/packages/Qq/.lake/build/lib/lean:/home/tamura/lean/lean_study/.lake/packages/aesop/.lake/build/lib/lean:/home/tamura/lean/lean_study/.lake/packages/proofwidgets/.lake/build/lib/lean:/home/tamura/lean/lean_study/.lake/packages/importGraph/.lake/build/lib/lean:/home/tamura/lean/lean_study/.lake/packages/LeanSearchClient/.lake/build/lib/lean:/home/tamura/lean/lean_study/.lake/packages/plausible/.lake/build/lib/lean:/home/tamura/lean/lean_study/.lake/packages/mathlib/.lake/build/lib/lean:/home/tamura/lean/lean_study/.lake/packages/MD4Lean/.lake/build/lib/lean:/home/tamura/lean/lean_study/.lake/packages/BibtexQuery/.lake/build/lib/lean:/home/tamura/lean/lean_study/.lake/packages/UnicodeBasic/.lake/build/lib/lean:/home/tamura/lean/lean_study/.lake/packages/Cli/.lake/build/lib/lean:/home/tamura/lean/lean_study/.lake/build/lib/lean:/home/tamura/lean/lean_study/.lake/packages/doc-gen4/.lake/build/lib/lean:/home/tamura/lean/lean_study/docbuild/.lake/build/lib/lean:/home/tamura/.elan/toolchains/leanprover--lean4---v4.27.0/lib/lean LEAN_SRC_PATH=/home/tamura/lean/lean_study/.lake/packages/batteries:/home/tamura/lean/lean_study/.lake/packages/batteries:/home/tamura/lean/lean_study/.lake/packages/Qq:/home/tamura/lean/lean_study/.lake/packages/Qq:/home/tamura/lean/lean_study/.lake/packages/aesop:/home/tamura/lean/lean_study/.lake/packages/aesop:/home/tamura/lean/lean_study/.lake/packages/proofwidgets:/home/tamura/lean/lean_study/.lake/packages/proofwidgets:/home/tamura/lean/lean_study/.lake/packages/proofwidgets:/home/tamura/lean/lean_study/.lake/packages/importGraph:/home/tamura/lean/lean_study/.lake/packages/importGraph:/home/tamura/lean/lean_study/.lake/packages/LeanSearchClient:/home/tamura/lean/lean_study/.lake/packages/LeanSearchClient:/home/tamura/lean/lean_study/.lake/packages/plausible:/home/tamura/lean/lean_study/.lake/packages/plausible:/home/tamura/lean/lean_study/.lake/packages/mathlib:/home/tamura/lean/lean_study/.lake/packages/mathlib:/home/tamura/lean/lean_study/.lake/packages/mathlib:/home/tamura/lean/lean_study/.lake/packages/mathlib:/home/tamura/lean/lean_study/.lake/packages/mathlib:/home/tamura/lean/lean_study/.lake/packages/mathlib:/home/tamura/lean/lean_study/.lake/packages/mathlib:/home/tamura/lean/lean_study/.lake/packages/MD4Lean:/home/tamura/lean/lean_study/.lake/packages/MD4Lean:/home/tamura/lean/lean_study/.lake/packages/BibtexQuery:/home/tamura/lean/lean_study/.lake/packages/UnicodeBasic:/home/tamura/lean/lean_study/.lake/packages/UnicodeBasic:/home/tamura/lean/lean_study/.lake/packages/Cli:/home/tamura/lean/lean_study/.lake/packages/Cli:/home/tamura/lean/lean_study:/home/tamura/lean/lean_study/.lake/packages/doc-gen4:/home/tamura/.elan/toolchains/leanprover--lean4---v4.27.0/src/lean/lake LEAN_GITHASH=db93fe1608548721853390a10cd40580fe7d22ae PATH LD_LIBRARY_PATH=/home/tamura/.elan/toolchains/leanprover--lean4---v4.27.0/lib/lean:/home/tamura/.elan/toolchains/leanprover--lean4---v4.27.0/lib:/home/tamura/lean/lean_study/docbuild/.lake/build/lib:/home/tamura/lean/lean_study/.lake/packages/doc-gen4/.lake/build/lib:/home/tamura/lean/lean_study/.lake/build/lib:/home/tamura/lean/lean_study/.lake/packages/Cli/.lake/build/lib:/home/tamura/lean/lean_study/.lake/packages/UnicodeBasic/.lake/build/lib:/home/tamura/lean/lean_study/.lake/packages/BibtexQuery/.lake/build/lib:/home/tamura/lean/lean_study/.lake/packages/MD4Lean/.lake/build/lib:/home/tamura/lean/lean_study/.lake/packages/mathlib/.lake/build/lib:/home/tamura/lean/lean_study/.lake/packages/plausible/.lake/build/lib:/home/tamura/lean/lean_study/.lake/packages/LeanSearchClient/.lake/build/lib:/home/tamura/lean/lean_study/.lake/packages/importGraph/.lake/build/lib:/home/tamura/lean/lean_study/.lake/packages/proofwidgets/.lake/build/lib:/home/tamura/lean/lean_study/.lake/packages/aesop/.lake/build/lib:/home/tamura/lean/lean_study/.lake/packages/Qq/.lake/build/lib:/home/tamura/lean/lean_study/.lake/packages/batteries/.lake/build/lib /home/tamura/lean/lean_study/.lake/packages/doc-gen4/.lake/build/bin/doc-gen4 single --build /home/tamura/lean/lean_study/docbuild/.lake/build Mathlib.Topology.ContinuousMap.Defs https://github.com/leanprover-community/mathlib4/blob/a3a10db0e9d66acbebf76c5e6a135066525ac900/Mathlib/Topology/ContinuousMap/Defs.lean",
   "level": "trace"}],
 "inputs":
 [["<collection>",
   [["/home/tamura/lean/lean_study/docbuild/.lake/build/doc/Mathlib/Data/FunLike/Basic.html",
     "867b59de13497a49"],
    ["/home/tamura/lean/lean_study/docbuild/.lake/build/doc/Mathlib/Tactic/Continuity.html",
     "295f9fbd4abf9e90"],
    ["/home/tamura/lean/lean_study/docbuild/.lake/build/doc/Mathlib/Tactic/Lift.html",
     "4f7e854a5c31fcd0"],
    ["/home/tamura/lean/lean_study/docbuild/.lake/build/doc/Mathlib/Topology/Defs/Basic.html",
     "bb5c4be46c021edb"],
    ["/home/tamura/lean/lean_study/docbuild/.lake/build/doc/Mathlib/Tactic/ToAdditive.html",
     "76c56d44e7e90384"]]],
  ["/home/tamura/lean/lean_study/docbuild/.lake/build/doc-data/references.json",
   "a50f2257f35adb49"],
  ["/home/tamura/lean/lean_study/.lake/packages/doc-gen4/.lake/build/bin/doc-gen4",
   "cbb66405452e4e73"],
  ["Mathlib.Topology.ContinuousMap.Defs:leanArts", "4adc5d82d2329a97"]],
 "depHash": "a99f8bef7bcc2baf"}