{"synthetic": false,
 "schemaVersion": "2025-09-10",
 "outputs": null,
 "log":
 [{"message":
   ".> ELAN=elan ELAN_HOME=/home/tamura/.elan ELAN_TOOLCHAIN=leanprover/lean4:v4.27.0 LAKE=/home/tamura/.elan/toolchains/leanprover--lean4---v4.27.0/bin/lake LAKE_HOME=/home/tamura/.elan/toolchains/leanprover--lean4---v4.27.0 LAKE_PKG_URL_MAP={} LAKE_NO_CACHE=false LAKE_ARTIFACT_CACHE=false LAKE_CACHE_KEY= LAKE_CACHE_ARTIFACT_ENDPOINT= LAKE_CACHE_REVISION_ENDPOINT= LEAN=/home/tamura/.elan/toolchains/leanprover--lean4---v4.27.0/bin/lean LEAN_SYSROOT=/home/tamura/.elan/toolchains/leanprover--lean4---v4.27.0 LEAN_AR=/home/tamura/.elan/toolchains/leanprover--lean4---v4.27.0/bin/llvm-ar LEAN_CC= LAKE_CACHE_DIR=/home/tamura/.elan/toolchains/leanprover--lean4---v4.27.0/lake/cache LEAN_PATH=/home/tamura/lean/lean_study/.lake/packages/batteries/.lake/build/lib/lean:/home/tamura/lean/lean_study/.lake/packages/Qq/.lake/build/lib/lean:/home/tamura/lean/lean_study/.lake/packages/aesop/.lake/build/lib/lean:/home/tamura/lean/lean_study/.lake/packages/proofwidgets/.lake/build/lib/lean:/home/tamura/lean/lean_study/.lake/packages/importGraph/.lake/build/lib/lean:/home/tamura/lean/lean_study/.lake/packages/LeanSearchClient/.lake/build/lib/lean:/home/tamura/lean/lean_study/.lake/packages/plausible/.lake/build/lib/lean:/home/tamura/lean/lean_study/.lake/packages/mathlib/.lake/build/lib/lean:/home/tamura/lean/lean_study/.lake/packages/MD4Lean/.lake/build/lib/lean:/home/tamura/lean/lean_study/.lake/packages/BibtexQuery/.lake/build/lib/lean:/home/tamura/lean/lean_study/.lake/packages/UnicodeBasic/.lake/build/lib/lean:/home/tamura/lean/lean_study/.lake/packages/Cli/.lake/build/lib/lean:/home/tamura/lean/lean_study/.lake/build/lib/lean:/home/tamura/lean/lean_study/.lake/packages/doc-gen4/.lake/build/lib/lean:/home/tamura/lean/lean_study/docbuild/.lake/build/lib/lean:/home/tamura/.elan/toolchains/leanprover--lean4---v4.27.0/lib/lean LEAN_SRC_PATH=/home/tamura/lean/lean_study/.lake/packages/batteries:/home/tamura/lean/lean_study/.lake/packages/batteries:/home/tamura/lean/lean_study/.lake/packages/Qq:/home/tamura/lean/lean_study/.lake/packages/Qq:/home/tamura/lean/lean_study/.lake/packages/aesop:/home/tamura/lean/lean_study/.lake/packages/aesop:/home/tamura/lean/lean_study/.lake/packages/proofwidgets:/home/tamura/lean/lean_study/.lake/packages/proofwidgets:/home/tamura/lean/lean_study/.lake/packages/proofwidgets:/home/tamura/lean/lean_study/.lake/packages/importGraph:/home/tamura/lean/lean_study/.lake/packages/importGraph:/home/tamura/lean/lean_study/.lake/packages/LeanSearchClient:/home/tamura/lean/lean_study/.lake/packages/LeanSearchClient:/home/tamura/lean/lean_study/.lake/packages/plausible:/home/tamura/lean/lean_study/.lake/packages/plausible:/home/tamura/lean/lean_study/.lake/packages/mathlib:/home/tamura/lean/lean_study/.lake/packages/mathlib:/home/tamura/lean/lean_study/.lake/packages/mathlib:/home/tamura/lean/lean_study/.lake/packages/mathlib:/home/tamura/lean/lean_study/.lake/packages/mathlib:/home/tamura/lean/lean_study/.lake/packages/mathlib:/home/tamura/lean/lean_study/.lake/packages/mathlib:/home/tamura/lean/lean_study/.lake/packages/MD4Lean:/home/tamura/lean/lean_study/.lake/packages/MD4Lean:/home/tamura/lean/lean_study/.lake/packages/BibtexQuery:/home/tamura/lean/lean_study/.lake/packages/UnicodeBasic:/home/tamura/lean/lean_study/.lake/packages/UnicodeBasic:/home/tamura/lean/lean_study/.lake/packages/Cli:/home/tamura/lean/lean_study/.lake/packages/Cli:/home/tamura/lean/lean_study:/home/tamura/lean/lean_study/.lake/packages/doc-gen4:/home/tamura/.elan/toolchains/leanprover--lean4---v4.27.0/src/lean/lake LEAN_GITHASH=db93fe1608548721853390a10cd40580fe7d22ae PATH LD_LIBRARY_PATH=/home/tamura/.elan/toolchains/leanprover--lean4---v4.27.0/lib/lean:/home/tamura/.elan/toolchains/leanprover--lean4---v4.27.0/lib:/home/tamura/lean/lean_study/docbuild/.lake/build/lib:/home/tamura/lean/lean_study/.lake/packages/doc-gen4/.lake/build/lib:/home/tamura/lean/lean_study/.lake/build/lib:/home/tamura/lean/lean_study/.lake/packages/Cli/.lake/build/lib:/home/tamura/lean/lean_study/.lake/packages/UnicodeBasic/.lake/build/lib:/home/tamura/lean/lean_study/.lake/packages/BibtexQuery/.lake/build/lib:/home/tamura/lean/lean_study/.lake/packages/MD4Lean/.lake/build/lib:/home/tamura/lean/lean_study/.lake/packages/mathlib/.lake/build/lib:/home/tamura/lean/lean_study/.lake/packages/plausible/.lake/build/lib:/home/tamura/lean/lean_study/.lake/packages/LeanSearchClient/.lake/build/lib:/home/tamura/lean/lean_study/.lake/packages/importGraph/.lake/build/lib:/home/tamura/lean/lean_study/.lake/packages/proofwidgets/.lake/build/lib:/home/tamura/lean/lean_study/.lake/packages/aesop/.lake/build/lib:/home/tamura/lean/lean_study/.lake/packages/Qq/.lake/build/lib:/home/tamura/lean/lean_study/.lake/packages/batteries/.lake/build/lib /home/tamura/lean/lean_study/.lake/packages/doc-gen4/.lake/build/bin/doc-gen4 single --build /home/tamura/lean/lean_study/docbuild/.lake/build Mathlib.Algebra.Order.Archimedean.Basic https://github.com/leanprover-community/mathlib4/blob/a3a10db0e9d66acbebf76c5e6a135066525ac900/Mathlib/Algebra/Order/Archimedean/Basic.lean",
   "level": "trace"}],
 "inputs":
 [["<collection>",
   [["/home/tamura/lean/lean_study/docbuild/.lake/build/doc/Mathlib/Algebra/Order/Floor/Semiring.html",
     "7c8e2c7756f70d25"],
    ["/home/tamura/lean/lean_study/docbuild/.lake/build/doc/Mathlib/Algebra/Order/Monoid/Units.html",
     "e35de7dcc4ffeb62"],
    ["/home/tamura/lean/lean_study/docbuild/.lake/build/doc/Mathlib/Algebra/Order/Ring/Pow.html",
     "61196b1ac0c65b43"],
    ["/home/tamura/lean/lean_study/docbuild/.lake/build/doc/Mathlib/Data/Int/LeastGreatest.html",
     "a1290fee17ee8e3b"],
    ["/home/tamura/lean/lean_study/docbuild/.lake/build/doc/Mathlib/Data/Rat/Floor.html",
     "86d998de342a761c"],
    ["/home/tamura/lean/lean_study/docbuild/.lake/build/doc/Mathlib/Algebra/Order/Group/Basic.html",
     "b86ab13d56764742"]]],
  ["/home/tamura/lean/lean_study/docbuild/.lake/build/doc-data/references.json",
   "a50f2257f35adb49"],
  ["/home/tamura/lean/lean_study/.lake/packages/doc-gen4/.lake/build/bin/doc-gen4",
   "cbb66405452e4e73"],
  ["Mathlib.Algebra.Order.Archimedean.Basic:leanArts", "8ebfc1b05c0111c9"]],
 "depHash": "2d8b06c57117ba86"}