{"synthetic": false,
 "schemaVersion": "2025-09-10",
 "outputs": null,
 "log":
 [{"message": "Documentation indexing", "level": "info"},
  {"message":
   ".> /home/tamura/lean/lean_study/.lake/packages/doc-gen4/.lake/build/bin/doc-gen4 index --build /home/tamura/lean/lean_study/docbuild/.lake/build",
   "level": "trace"}],
 "inputs":
 [["/home/tamura/lean/lean_study/docbuild/.lake/build/doc-data/references.json",
   "a50f2257f35adb49"],
  ["/home/tamura/lean/lean_study/.lake/packages/doc-gen4/.lake/build/bin/doc-gen4",
   "cbb66405452e4e73"],
  ["<nil>", "7b9f5ff346c3f45f"],
  ["<collection>",
   [["/home/tamura/lean/lean_study/docbuild/.lake/build/doc/LeanStudy/Basic.html",
     "3446a201b3886660"],
    ["/home/tamura/lean/lean_study/docbuild/.lake/build/doc/LeanStudy/Util.html",
     "bb6b749989b80c79"],
    ["/home/tamura/lean/lean_study/docbuild/.lake/build/doc/LeanStudy/CSP/Basic.html",
     "9a6a8c7015998810"],
    ["/home/tamura/lean/lean_study/docbuild/.lake/build/doc/LeanStudy/SAT/Basic.html",
     "917d225c767b61d3"],
    ["/home/tamura/lean/lean_study/docbuild/.lake/build/doc/LeanStudy/SAT/DirectEncoder.html",
     "4ea4a4f5a9fabe34"],
    ["/home/tamura/lean/lean_study/docbuild/.lake/build/doc/LeanStudy/SAT/DirectEncoderCSP.html",
     "4568a13cce550e82"],
    ["/home/tamura/lean/lean_study/docbuild/.lake/build/doc/LeanStudy/Misc/prime_number_ruler.html",
     "594348524e60603c"],
    ["/home/tamura/lean/lean_study/docbuild/.lake/build/doc/LeanStudy/Misc/unary_function.html",
     "84648266cec74a0f"],
    ["/home/tamura/lean/lean_study/docbuild/.lake/build/doc/LeanStudy.html",
     "ef15ee9ed8840cdb"]]]],
 "depHash": "435921fab7e9cee0"}